二月 17, 2018 5:27:11 下午 org.apache.catalina.startup.VersionLoggerListener log
信息: Server version:        Apache Tomcat/7.0.85
二月 17, 2018 5:27:11 下午 org.apache.catalina.startup.VersionLoggerListener log
信息: Server built:          Feb 7 2018 18:52:33 UTC
二月 17, 2018 5:27:11 下午 org.apache.catalina.startup.VersionLoggerListener log
信息: Server number:         7.0.85.0
二月 17, 2018 5:27:11 下午 org.apache.catalina.startup.VersionLoggerListener log
信息: OS Name:               Windows 7
二月 17, 2018 5:27:11 下午 org.apache.catalina.startup.VersionLoggerListener log
信息: OS Version:            6.1
二月 17, 2018 5:27:11 下午 org.apache.catalina.startup.VersionLoggerListener log
信息: Architecture:          amd64
二月 17, 2018 5:27:11 下午 org.apache.catalina.startup.VersionLoggerListener log
信息: Java Home:             D:\Program Files\Java\jdk1.8.0\jre
二月 17, 2018 5:27:11 下午 org.apache.catalina.startup.VersionLoggerListener log
信息: JVM Version:           1.8.0_131-b11
二月 17, 2018 5:27:11 下午 org.apache.catalina.startup.VersionLoggerListener log
信息: JVM Vendor:            Oracle Corporation
二月 17, 2018 5:27:11 下午 org.apache.catalina.startup.VersionLoggerListener log
信息: CATALINA_BASE:         D:\Program Files\apache-tomcat-7.0.85-windows-x64\apache-tomcat-7.0.85
二月 17, 2018 5:27:11 下午 org.apache.catalina.startup.VersionLoggerListener log
信息: CATALINA_HOME:         D:\Program Files\apache-tomcat-7.0.85-windows-x64\apache-tomcat-7.0.85
二月 17, 2018 5:27:11 下午 org.apache.catalina.startup.VersionLoggerListener log
信息: Command line argument: -Djava.util.logging.config.file=D:\Program Files\apache-tomcat-7.0.85-windows-x64\apache-tomcat-7.0.85\conf\logging.properties
二月 17, 2018 5:27:11 下午 org.apache.catalina.startup.VersionLoggerListener log
信息: Command line argument: -Djava.util.logging.manager=org.apache.juli.ClassLoaderLogManager
二月 17, 2018 5:27:11 下午 org.apache.catalina.startup.VersionLoggerListener log
信息: Command line argument: -Djdk.tls.ephemeralDHKeySize=2048
二月 17, 2018 5:27:11 下午 org.apache.catalina.startup.VersionLoggerListener log
信息: Command line argument: -Dignore.endorsed.dirs=
二月 17, 2018 5:27:11 下午 org.apache.catalina.startup.VersionLoggerListener log
信息: Command line argument: -Dcatalina.base=D:\Program Files\apache-tomcat-7.0.85-windows-x64\apache-tomcat-7.0.85
二月 17, 2018 5:27:11 下午 org.apache.catalina.startup.VersionLoggerListener log
信息: Command line argument: -Dcatalina.home=D:\Program Files\apache-tomcat-7.0.85-windows-x64\apache-tomcat-7.0.85
二月 17, 2018 5:27:11 下午 org.apache.catalina.startup.VersionLoggerListener log
信息: Command line argument: -Djava.io.tmpdir=D:\Program Files\apache-tomcat-7.0.85-windows-x64\apache-tomcat-7.0.85\temp
二月 17, 2018 5:27:11 下午 org.apache.catalina.core.AprLifecycleListener lifecycleEvent
信息: Loaded APR based Apache Tomcat Native library 1.2.16 using APR version 1.6.3.
二月 17, 2018 5:27:11 下午 org.apache.catalina.core.AprLifecycleListener lifecycleEvent
信息: APR capabilities: IPv6 [true], sendfile [true], accept filters [false], random [true].
二月 17, 2018 5:27:12 下午 org.apache.catalina.core.AprLifecycleListener initializeSSL
信息: OpenSSL successfully initialized (OpenSSL 1.0.2m  2 Nov 2017)
二月 17, 2018 5:27:13 下午 org.apache.coyote.AbstractProtocol init
信息: Initializing ProtocolHandler ["http-apr-8080"]
二月 17, 2018 5:27:13 下午 org.apache.coyote.AbstractProtocol init
信息: Initializing ProtocolHandler ["ajp-apr-8009"]
二月 17, 2018 5:27:13 下午 org.apache.catalina.startup.Catalina load
信息: Initialization processed in 4683 ms
二月 17, 2018 5:27:13 下午 org.apache.catalina.core.StandardService startInternal
信息: Starting service Catalina
二月 17, 2018 5:27:13 下午 org.apache.catalina.core.StandardEngine startInternal
信息: Starting Servlet Engine: Apache Tomcat/7.0.85
二月 17, 2018 5:27:13 下午 org.apache.catalina.startup.HostConfig deployDirectory
信息: Deploying web application directory D:\Program Files\apache-tomcat-7.0.85-windows-x64\apache-tomcat-7.0.85\webapps\docs
二月 17, 2018 5:27:14 下午 org.apache.catalina.util.SessionIdGeneratorBase createSecureRandom
警告: Creation of SecureRandom instance for session ID generation using [SHA1PRNG] took [288] milliseconds.
二月 17, 2018 5:27:15 下午 org.apache.catalina.startup.HostConfig deployDirectory
信息: Deployment of web application directory D:\Program Files\apache-tomcat-7.0.85-windows-x64\apache-tomcat-7.0.85\webapps\docs has finished in 1,305 ms
二月 17, 2018 5:27:15 下午 org.apache.catalina.startup.HostConfig deployDirectory
信息: Deploying web application directory D:\Program Files\apache-tomcat-7.0.85-windows-x64\apache-tomcat-7.0.85\webapps\examples
二月 17, 2018 5:27:16 下午 org.apache.catalina.startup.HostConfig deployDirectory
信息: Deployment of web application directory D:\Program Files\apache-tomcat-7.0.85-windows-x64\apache-tomcat-7.0.85\webapps\examples has finished in 1,523 ms
二月 17, 2018 5:27:16 下午 org.apache.catalina.startup.HostConfig deployDirectory
信息: Deploying web application directory D:\Program Files\apache-tomcat-7.0.85-windows-x64\apache-tomcat-7.0.85\webapps\host-manager
二月 17, 2018 5:27:16 下午 org.apache.catalina.startup.HostConfig deployDirectory
信息: Deployment of web application directory D:\Program Files\apache-tomcat-7.0.85-windows-x64\apache-tomcat-7.0.85\webapps\host-manager has finished in 260 ms
二月 17, 2018 5:27:16 下午 org.apache.catalina.startup.HostConfig deployDirectory
信息: Deploying web application directory D:\Program Files\apache-tomcat-7.0.85-windows-x64\apache-tomcat-7.0.85\webapps\manager
二月 17, 2018 5:27:16 下午 org.apache.catalina.startup.HostConfig deployDirectory
信息: Deployment of web application directory D:\Program Files\apache-tomcat-7.0.85-windows-x64\apache-tomcat-7.0.85\webapps\manager has finished in 87 ms
二月 17, 2018 5:27:16 下午 org.apache.catalina.startup.HostConfig deployDirectory
信息: Deploying web application directory D:\Program Files\apache-tomcat-7.0.85-windows-x64\apache-tomcat-7.0.85\webapps\ROOT
二月 17, 2018 5:27:17 下午 org.apache.catalina.startup.HostConfig deployDirectory
信息: Deployment of web application directory D:\Program Files\apache-tomcat-7.0.85-windows-x64\apache-tomcat-7.0.85\webapps\ROOT has finished in 87 ms
二月 17, 2018 5:27:17 下午 org.apache.coyote.AbstractProtocol start
信息: Starting ProtocolHandler ["http-apr-8080"]
二月 17, 2018 5:27:17 下午 org.apache.coyote.AbstractProtocol start
信息: Starting ProtocolHandler ["ajp-apr-8009"]
二月 17, 2018 5:27:17 下午 org.apache.catalina.startup.Catalina start
信息: Server startup in 3570 ms
二月 17, 2018 5:41:47 下午 org.apache.catalina.startup.HostConfig deployDirectory
信息: Deploying web application directory D:\Program Files\apache-tomcat-7.0.85-windows-x64\apache-tomcat-7.0.85\webapps\新建文件夹
二月 17, 2018 5:41:47 下午 org.apache.catalina.startup.HostConfig deployDirectory
信息: Deployment of web application directory D:\Program Files\apache-tomcat-7.0.85-windows-x64\apache-tomcat-7.0.85\webapps\新建文件夹 has finished in 173 ms
二月 17, 2018 5:41:58 下午 org.apache.catalina.startup.HostConfig undeploy
信息: Undeploying context [/新建文件夹]
二月 17, 2018 5:41:58 下午 org.apache.catalina.startup.HostConfig deployDirectory
信息: Deploying web application directory D:\Program Files\apache-tomcat-7.0.85-windows-x64\apache-tomcat-7.0.85\webapps\myWebSite
二月 17, 2018 5:41:58 下午 org.apache.catalina.startup.HostConfig deployDirectory
信息: Deployment of web application directory D:\Program Files\apache-tomcat-7.0.85-windows-x64\apache-tomcat-7.0.85\webapps\myWebSite has finished in 88 ms
二月 17, 2018 5:42:28 下午 org.apache.catalina.startup.HostConfig reload
信息: Reloading context [/myWebSite]
二月 17, 2018 5:42:28 下午 org.apache.catalina.core.StandardContext reload
信息: Reloading Context with name [/myWebSite] has started
二月 17, 2018 5:42:28 下午 org.apache.tomcat.util.digester.Digester fatalError
严重: Parse Fatal Error at line 1 column 1: 文件提前结束。
org.xml.sax.SAXParseException; systemId: jndi:/localhost/myWebSite/WEB-INF/web.xml; lineNumber: 1; columnNumber: 1; 文件提前结束。
	at com.sun.org.apache.xerces.internal.util.ErrorHandlerWrapper.createSAXParseException(ErrorHandlerWrapper.java:203)
	at com.sun.org.apache.xerces.internal.util.ErrorHandlerWrapper.fatalError(ErrorHandlerWrapper.java:177)
	at com.sun.org.apache.xerces.internal.impl.XMLErrorReporter.reportError(XMLErrorReporter.java:400)
	at com.sun.org.apache.xerces.internal.impl.XMLErrorReporter.reportError(XMLErrorReporter.java:327)
	at com.sun.org.apache.xerces.internal.impl.XMLScanner.reportFatalError(XMLScanner.java:1472)
	at com.sun.org.apache.xerces.internal.impl.XMLDocumentScannerImpl$PrologDriver.next(XMLDocumentScannerImpl.java:1014)
	at com.sun.org.apache.xerces.internal.impl.XMLDocumentScannerImpl.next(XMLDocumentScannerImpl.java:602)
	at com.sun.org.apache.xerces.internal.impl.XMLDocumentFragmentScannerImpl.scanDocument(XMLDocumentFragmentScannerImpl.java:505)
	at com.sun.org.apache.xerces.internal.parsers.XML11Configuration.parse(XML11Configuration.java:841)
	at com.sun.org.apache.xerces.internal.parsers.XML11Configuration.parse(XML11Configuration.java:770)
	at com.sun.org.apache.xerces.internal.parsers.XMLParser.parse(XMLParser.java:141)
	at com.sun.org.apache.xerces.internal.parsers.AbstractSAXParser.parse(AbstractSAXParser.java:1213)
	at com.sun.org.apache.xerces.internal.jaxp.SAXParserImpl$JAXPSAXParser.parse(SAXParserImpl.java:643)
	at org.apache.tomcat.util.digester.Digester.parse(Digester.java:1576)
	at org.apache.catalina.startup.ContextConfig.parseWebXml(ContextConfig.java:1861)
	at org.apache.catalina.startup.ContextConfig.webConfig(ContextConfig.java:1261)
	at org.apache.catalina.startup.ContextConfig.configureStart(ContextConfig.java:887)
	at org.apache.catalina.startup.ContextConfig.lifecycleEvent(ContextConfig.java:388)
	at org.apache.catalina.util.LifecycleSupport.fireLifecycleEvent(LifecycleSupport.java:117)
	at org.apache.catalina.util.LifecycleBase.fireLifecycleEvent(LifecycleBase.java:90)
	at org.apache.catalina.core.StandardContext.startInternal(StandardContext.java:5527)
	at org.apache.catalina.util.LifecycleBase.start(LifecycleBase.java:145)
	at org.apache.catalina.core.StandardContext.reload(StandardContext.java:4133)
	at org.apache.catalina.startup.HostConfig.reload(HostConfig.java:1575)
	at org.apache.catalina.startup.HostConfig.checkResources(HostConfig.java:1548)
	at org.apache.catalina.startup.HostConfig.check(HostConfig.java:1784)
	at org.apache.catalina.startup.HostConfig.lifecycleEvent(HostConfig.java:366)
	at org.apache.catalina.util.LifecycleSupport.fireLifecycleEvent(LifecycleSupport.java:117)
	at org.apache.catalina.util.LifecycleBase.fireLifecycleEvent(LifecycleBase.java:90)
	at org.apache.catalina.core.ContainerBase.backgroundProcess(ContainerBase.java:1500)
	at org.apache.catalina.core.ContainerBase$ContainerBackgroundProcessor.processChildren(ContainerBase.java:1671)
	at org.apache.catalina.core.ContainerBase$ContainerBackgroundProcessor.processChildren(ContainerBase.java:1681)
	at org.apache.catalina.core.ContainerBase$ContainerBackgroundProcessor.run(ContainerBase.java:1649)
	at java.lang.Thread.run(Thread.java:748)

二月 17, 2018 5:42:28 下午 org.apache.catalina.startup.ContextConfig parseWebXml
严重: Parse error in application web.xml file at jndi:/localhost/myWebSite/WEB-INF/web.xml
org.xml.sax.SAXParseException; systemId: jndi:/localhost/myWebSite/WEB-INF/web.xml; lineNumber: 1; columnNumber: 1; 文件提前结束。
	at com.sun.org.apache.xerces.internal.util.ErrorHandlerWrapper.createSAXParseException(ErrorHandlerWrapper.java:203)
	at com.sun.org.apache.xerces.internal.util.ErrorHandlerWrapper.fatalError(ErrorHandlerWrapper.java:177)
	at com.sun.org.apache.xerces.internal.impl.XMLErrorReporter.reportError(XMLErrorReporter.java:400)
	at com.sun.org.apache.xerces.internal.impl.XMLErrorReporter.reportError(XMLErrorReporter.java:327)
	at com.sun.org.apache.xerces.internal.impl.XMLScanner.reportFatalError(XMLScanner.java:1472)
	at com.sun.org.apache.xerces.internal.impl.XMLDocumentScannerImpl$PrologDriver.next(XMLDocumentScannerImpl.java:1014)
	at com.sun.org.apache.xerces.internal.impl.XMLDocumentScannerImpl.next(XMLDocumentScannerImpl.java:602)
	at com.sun.org.apache.xerces.internal.impl.XMLDocumentFragmentScannerImpl.scanDocument(XMLDocumentFragmentScannerImpl.java:505)
	at com.sun.org.apache.xerces.internal.parsers.XML11Configuration.parse(XML11Configuration.java:841)
	at com.sun.org.apache.xerces.internal.parsers.XML11Configuration.parse(XML11Configuration.java:770)
	at com.sun.org.apache.xerces.internal.parsers.XMLParser.parse(XMLParser.java:141)
	at com.sun.org.apache.xerces.internal.parsers.AbstractSAXParser.parse(AbstractSAXParser.java:1213)
	at com.sun.org.apache.xerces.internal.jaxp.SAXParserImpl$JAXPSAXParser.parse(SAXParserImpl.java:643)
	at org.apache.tomcat.util.digester.Digester.parse(Digester.java:1576)
	at org.apache.catalina.startup.ContextConfig.parseWebXml(ContextConfig.java:1861)
	at org.apache.catalina.startup.ContextConfig.webConfig(ContextConfig.java:1261)
	at org.apache.catalina.startup.ContextConfig.configureStart(ContextConfig.java:887)
	at org.apache.catalina.startup.ContextConfig.lifecycleEvent(ContextConfig.java:388)
	at org.apache.catalina.util.LifecycleSupport.fireLifecycleEvent(LifecycleSupport.java:117)
	at org.apache.catalina.util.LifecycleBase.fireLifecycleEvent(LifecycleBase.java:90)
	at org.apache.catalina.core.StandardContext.startInternal(StandardContext.java:5527)
	at org.apache.catalina.util.LifecycleBase.start(LifecycleBase.java:145)
	at org.apache.catalina.core.StandardContext.reload(StandardContext.java:4133)
	at org.apache.catalina.startup.HostConfig.reload(HostConfig.java:1575)
	at org.apache.catalina.startup.HostConfig.checkResources(HostConfig.java:1548)
	at org.apache.catalina.startup.HostConfig.check(HostConfig.java:1784)
	at org.apache.catalina.startup.HostConfig.lifecycleEvent(HostConfig.java:366)
	at org.apache.catalina.util.LifecycleSupport.fireLifecycleEvent(LifecycleSupport.java:117)
	at org.apache.catalina.util.LifecycleBase.fireLifecycleEvent(LifecycleBase.java:90)
	at org.apache.catalina.core.ContainerBase.backgroundProcess(ContainerBase.java:1500)
	at org.apache.catalina.core.ContainerBase$ContainerBackgroundProcessor.processChildren(ContainerBase.java:1671)
	at org.apache.catalina.core.ContainerBase$ContainerBackgroundProcessor.processChildren(ContainerBase.java:1681)
	at org.apache.catalina.core.ContainerBase$ContainerBackgroundProcessor.run(ContainerBase.java:1649)
	at java.lang.Thread.run(Thread.java:748)

二月 17, 2018 5:42:28 下午 org.apache.catalina.startup.ContextConfig parseWebXml
严重: Occurred at line 1 column 1
二月 17, 2018 5:42:28 下午 org.apache.catalina.startup.ContextConfig configureStart
严重: Marking this application unavailable due to previous error(s)
二月 17, 2018 5:42:28 下午 org.apache.catalina.core.StandardContext startInternal
严重: One or more components marked the context as not correctly configured
二月 17, 2018 5:42:28 下午 org.apache.catalina.core.StandardContext startInternal
严重: Context [/myWebSite] startup failed due to previous errors
二月 17, 2018 5:42:28 下午 org.apache.catalina.core.StandardContext reload
信息: Reloading Context with name [/myWebSite] is completed
二月 17, 2018 5:44:38 下午 org.apache.catalina.startup.HostConfig reload
信息: Reloading context [/myWebSite]
二月 17, 2018 5:58:19 下午 org.apache.catalina.startup.HostConfig reload
信息: Reloading context [/myWebSite]
二月 17, 2018 5:58:19 下午 org.apache.catalina.core.StandardContext reload
信息: Reloading Context with name [/myWebSite] has started
二月 17, 2018 5:58:19 下午 org.apache.catalina.loader.WebappClassLoaderBase validateJarFile
信息: validateJarFile(D:\Program Files\apache-tomcat-7.0.85-windows-x64\apache-tomcat-7.0.85\webapps\myWebSite\WEB-INF\lib\servlet-api.jar) - jar not loaded. See Servlet Spec 3.0, section 10.7.2. Offending class: javax/servlet/Servlet.class
二月 17, 2018 5:58:19 下午 org.apache.tomcat.util.digester.Digester fatalError
严重: Parse Fatal Error at line 39 column 25: 元素类型 "urll-pattern" 必须由匹配的结束标记 "</urll-pattern>" 终止。
org.xml.sax.SAXParseException; systemId: jndi:/localhost/myWebSite/WEB-INF/web.xml; lineNumber: 39; columnNumber: 25; 元素类型 "urll-pattern" 必须由匹配的结束标记 "</urll-pattern>" 终止。
	at com.sun.org.apache.xerces.internal.util.ErrorHandlerWrapper.createSAXParseException(ErrorHandlerWrapper.java:203)
	at com.sun.org.apache.xerces.internal.util.ErrorHandlerWrapper.fatalError(ErrorHandlerWrapper.java:177)
	at com.sun.org.apache.xerces.internal.impl.XMLErrorReporter.reportError(XMLErrorReporter.java:400)
	at com.sun.org.apache.xerces.internal.impl.XMLErrorReporter.reportError(XMLErrorReporter.java:327)
	at com.sun.org.apache.xerces.internal.impl.XMLScanner.reportFatalError(XMLScanner.java:1472)
	at com.sun.org.apache.xerces.internal.impl.XMLDocumentFragmentScannerImpl.scanEndElement(XMLDocumentFragmentScannerImpl.java:1749)
	at com.sun.org.apache.xerces.internal.impl.XMLDocumentFragmentScannerImpl$FragmentContentDriver.next(XMLDocumentFragmentScannerImpl.java:2967)
	at com.sun.org.apache.xerces.internal.impl.XMLDocumentScannerImpl.next(XMLDocumentScannerImpl.java:602)
	at com.sun.org.apache.xerces.internal.impl.XMLDocumentFragmentScannerImpl.scanDocument(XMLDocumentFragmentScannerImpl.java:505)
	at com.sun.org.apache.xerces.internal.parsers.XML11Configuration.parse(XML11Configuration.java:841)
	at com.sun.org.apache.xerces.internal.parsers.XML11Configuration.parse(XML11Configuration.java:770)
	at com.sun.org.apache.xerces.internal.parsers.XMLParser.parse(XMLParser.java:141)
	at com.sun.org.apache.xerces.internal.parsers.AbstractSAXParser.parse(AbstractSAXParser.java:1213)
	at com.sun.org.apache.xerces.internal.jaxp.SAXParserImpl$JAXPSAXParser.parse(SAXParserImpl.java:643)
	at org.apache.tomcat.util.digester.Digester.parse(Digester.java:1576)
	at org.apache.catalina.startup.ContextConfig.parseWebXml(ContextConfig.java:1861)
	at org.apache.catalina.startup.ContextConfig.webConfig(ContextConfig.java:1261)
	at org.apache.catalina.startup.ContextConfig.configureStart(ContextConfig.java:887)
	at org.apache.catalina.startup.ContextConfig.lifecycleEvent(ContextConfig.java:388)
	at org.apache.catalina.util.LifecycleSupport.fireLifecycleEvent(LifecycleSupport.java:117)
	at org.apache.catalina.util.LifecycleBase.fireLifecycleEvent(LifecycleBase.java:90)
	at org.apache.catalina.core.StandardContext.startInternal(StandardContext.java:5527)
	at org.apache.catalina.util.LifecycleBase.start(LifecycleBase.java:145)
	at org.apache.catalina.core.StandardContext.reload(StandardContext.java:4133)
	at org.apache.catalina.startup.HostConfig.reload(HostConfig.java:1575)
	at org.apache.catalina.startup.HostConfig.checkResources(HostConfig.java:1548)
	at org.apache.catalina.startup.HostConfig.check(HostConfig.java:1784)
	at org.apache.catalina.startup.HostConfig.lifecycleEvent(HostConfig.java:366)
	at org.apache.catalina.util.LifecycleSupport.fireLifecycleEvent(LifecycleSupport.java:117)
	at org.apache.catalina.util.LifecycleBase.fireLifecycleEvent(LifecycleBase.java:90)
	at org.apache.catalina.core.ContainerBase.backgroundProcess(ContainerBase.java:1500)
	at org.apache.catalina.core.ContainerBase$ContainerBackgroundProcessor.processChildren(ContainerBase.java:1671)
	at org.apache.catalina.core.ContainerBase$ContainerBackgroundProcessor.processChildren(ContainerBase.java:1681)
	at org.apache.catalina.core.ContainerBase$ContainerBackgroundProcessor.run(ContainerBase.java:1649)
	at java.lang.Thread.run(Thread.java:748)

二月 17, 2018 5:58:19 下午 org.apache.catalina.startup.ContextConfig parseWebXml
严重: Parse error in application web.xml file at jndi:/localhost/myWebSite/WEB-INF/web.xml
org.xml.sax.SAXParseException; systemId: jndi:/localhost/myWebSite/WEB-INF/web.xml; lineNumber: 39; columnNumber: 25; 元素类型 "urll-pattern" 必须由匹配的结束标记 "</urll-pattern>" 终止。
	at com.sun.org.apache.xerces.internal.util.ErrorHandlerWrapper.createSAXParseException(ErrorHandlerWrapper.java:203)
	at com.sun.org.apache.xerces.internal.util.ErrorHandlerWrapper.fatalError(ErrorHandlerWrapper.java:177)
	at com.sun.org.apache.xerces.internal.impl.XMLErrorReporter.reportError(XMLErrorReporter.java:400)
	at com.sun.org.apache.xerces.internal.impl.XMLErrorReporter.reportError(XMLErrorReporter.java:327)
	at com.sun.org.apache.xerces.internal.impl.XMLScanner.reportFatalError(XMLScanner.java:1472)
	at com.sun.org.apache.xerces.internal.impl.XMLDocumentFragmentScannerImpl.scanEndElement(XMLDocumentFragmentScannerImpl.java:1749)
	at com.sun.org.apache.xerces.internal.impl.XMLDocumentFragmentScannerImpl$FragmentContentDriver.next(XMLDocumentFragmentScannerImpl.java:2967)
	at com.sun.org.apache.xerces.internal.impl.XMLDocumentScannerImpl.next(XMLDocumentScannerImpl.java:602)
	at com.sun.org.apache.xerces.internal.impl.XMLDocumentFragmentScannerImpl.scanDocument(XMLDocumentFragmentScannerImpl.java:505)
	at com.sun.org.apache.xerces.internal.parsers.XML11Configuration.parse(XML11Configuration.java:841)
	at com.sun.org.apache.xerces.internal.parsers.XML11Configuration.parse(XML11Configuration.java:770)
	at com.sun.org.apache.xerces.internal.parsers.XMLParser.parse(XMLParser.java:141)
	at com.sun.org.apache.xerces.internal.parsers.AbstractSAXParser.parse(AbstractSAXParser.java:1213)
	at com.sun.org.apache.xerces.internal.jaxp.SAXParserImpl$JAXPSAXParser.parse(SAXParserImpl.java:643)
	at org.apache.tomcat.util.digester.Digester.parse(Digester.java:1576)
	at org.apache.catalina.startup.ContextConfig.parseWebXml(ContextConfig.java:1861)
	at org.apache.catalina.startup.ContextConfig.webConfig(ContextConfig.java:1261)
	at org.apache.catalina.startup.ContextConfig.configureStart(ContextConfig.java:887)
	at org.apache.catalina.startup.ContextConfig.lifecycleEvent(ContextConfig.java:388)
	at org.apache.catalina.util.LifecycleSupport.fireLifecycleEvent(LifecycleSupport.java:117)
	at org.apache.catalina.util.LifecycleBase.fireLifecycleEvent(LifecycleBase.java:90)
	at org.apache.catalina.core.StandardContext.startInternal(StandardContext.java:5527)
	at org.apache.catalina.util.LifecycleBase.start(LifecycleBase.java:145)
	at org.apache.catalina.core.StandardContext.reload(StandardContext.java:4133)
	at org.apache.catalina.startup.HostConfig.reload(HostConfig.java:1575)
	at org.apache.catalina.startup.HostConfig.checkResources(HostConfig.java:1548)
	at org.apache.catalina.startup.HostConfig.check(HostConfig.java:1784)
	at org.apache.catalina.startup.HostConfig.lifecycleEvent(HostConfig.java:366)
	at org.apache.catalina.util.LifecycleSupport.fireLifecycleEvent(LifecycleSupport.java:117)
	at org.apache.catalina.util.LifecycleBase.fireLifecycleEvent(LifecycleBase.java:90)
	at org.apache.catalina.core.ContainerBase.backgroundProcess(ContainerBase.java:1500)
	at org.apache.catalina.core.ContainerBase$ContainerBackgroundProcessor.processChildren(ContainerBase.java:1671)
	at org.apache.catalina.core.ContainerBase$ContainerBackgroundProcessor.processChildren(ContainerBase.java:1681)
	at org.apache.catalina.core.ContainerBase$ContainerBackgroundProcessor.run(ContainerBase.java:1649)
	at java.lang.Thread.run(Thread.java:748)

二月 17, 2018 5:58:19 下午 org.apache.catalina.startup.ContextConfig parseWebXml
严重: Occurred at line 39 column 25
二月 17, 2018 5:58:19 下午 org.apache.catalina.startup.ContextConfig configureStart
严重: Marking this application unavailable due to previous error(s)
二月 17, 2018 5:58:19 下午 org.apache.catalina.core.StandardContext startInternal
严重: One or more components marked the context as not correctly configured
二月 17, 2018 5:58:19 下午 org.apache.catalina.core.StandardContext startInternal
严重: Context [/myWebSite] startup failed due to previous errors
二月 17, 2018 5:58:19 下午 org.apache.catalina.core.StandardContext reload
信息: Reloading Context with name [/myWebSite] is completed
二月 17, 2018 5:58:29 下午 org.apache.catalina.startup.HostConfig reload
信息: Reloading context [/myWebSite]
二月 17, 2018 5:58:29 下午 org.apache.catalina.loader.WebappClassLoaderBase validateJarFile
信息: validateJarFile(D:\Program Files\apache-tomcat-7.0.85-windows-x64\apache-tomcat-7.0.85\webapps\myWebSite\WEB-INF\lib\servlet-api.jar) - jar not loaded. See Servlet Spec 3.0, section 10.7.2. Offending class: javax/servlet/Servlet.class
二月 17, 2018 5:58:29 下午 org.apache.tomcat.util.digester.Digester fatalError
严重: Parse Fatal Error at line 37 column 25: 元素类型 "urll-pattern" 必须由匹配的结束标记 "</urll-pattern>" 终止。
org.xml.sax.SAXParseException; systemId: jndi:/localhost/myWebSite/WEB-INF/web.xml; lineNumber: 37; columnNumber: 25; 元素类型 "urll-pattern" 必须由匹配的结束标记 "</urll-pattern>" 终止。
	at com.sun.org.apache.xerces.internal.util.ErrorHandlerWrapper.createSAXParseException(ErrorHandlerWrapper.java:203)
	at com.sun.org.apache.xerces.internal.util.ErrorHandlerWrapper.fatalError(ErrorHandlerWrapper.java:177)
	at com.sun.org.apache.xerces.internal.impl.XMLErrorReporter.reportError(XMLErrorReporter.java:400)
	at com.sun.org.apache.xerces.internal.impl.XMLErrorReporter.reportError(XMLErrorReporter.java:327)
	at com.sun.org.apache.xerces.internal.impl.XMLScanner.reportFatalError(XMLScanner.java:1472)
	at com.sun.org.apache.xerces.internal.impl.XMLDocumentFragmentScannerImpl.scanEndElement(XMLDocumentFragmentScannerImpl.java:1749)
	at com.sun.org.apache.xerces.internal.impl.XMLDocumentFragmentScannerImpl$FragmentContentDriver.next(XMLDocumentFragmentScannerImpl.java:2967)
	at com.sun.org.apache.xerces.internal.impl.XMLDocumentScannerImpl.next(XMLDocumentScannerImpl.java:602)
	at com.sun.org.apache.xerces.internal.impl.XMLDocumentFragmentScannerImpl.scanDocument(XMLDocumentFragmentScannerImpl.java:505)
	at com.sun.org.apache.xerces.internal.parsers.XML11Configuration.parse(XML11Configuration.java:841)
	at com.sun.org.apache.xerces.internal.parsers.XML11Configuration.parse(XML11Configuration.java:770)
	at com.sun.org.apache.xerces.internal.parsers.XMLParser.parse(XMLParser.java:141)
	at com.sun.org.apache.xerces.internal.parsers.AbstractSAXParser.parse(AbstractSAXParser.java:1213)
	at com.sun.org.apache.xerces.internal.jaxp.SAXParserImpl$JAXPSAXParser.parse(SAXParserImpl.java:643)
	at org.apache.tomcat.util.digester.Digester.parse(Digester.java:1576)
	at org.apache.catalina.startup.ContextConfig.parseWebXml(ContextConfig.java:1861)
	at org.apache.catalina.startup.ContextConfig.webConfig(ContextConfig.java:1261)
	at org.apache.catalina.startup.ContextConfig.configureStart(ContextConfig.java:887)
	at org.apache.catalina.startup.ContextConfig.lifecycleEvent(ContextConfig.java:388)
	at org.apache.catalina.util.LifecycleSupport.fireLifecycleEvent(LifecycleSupport.java:117)
	at org.apache.catalina.util.LifecycleBase.fireLifecycleEvent(LifecycleBase.java:90)
	at org.apache.catalina.core.StandardContext.startInternal(StandardContext.java:5527)
	at org.apache.catalina.util.LifecycleBase.start(LifecycleBase.java:145)
	at org.apache.catalina.startup.HostConfig.reload(HostConfig.java:1584)
	at org.apache.catalina.startup.HostConfig.checkResources(HostConfig.java:1548)
	at org.apache.catalina.startup.HostConfig.check(HostConfig.java:1784)
	at org.apache.catalina.startup.HostConfig.lifecycleEvent(HostConfig.java:366)
	at org.apache.catalina.util.LifecycleSupport.fireLifecycleEvent(LifecycleSupport.java:117)
	at org.apache.catalina.util.LifecycleBase.fireLifecycleEvent(LifecycleBase.java:90)
	at org.apache.catalina.core.ContainerBase.backgroundProcess(ContainerBase.java:1500)
	at org.apache.catalina.core.ContainerBase$ContainerBackgroundProcessor.processChildren(ContainerBase.java:1671)
	at org.apache.catalina.core.ContainerBase$ContainerBackgroundProcessor.processChildren(ContainerBase.java:1681)
	at org.apache.catalina.core.ContainerBase$ContainerBackgroundProcessor.run(ContainerBase.java:1649)
	at java.lang.Thread.run(Thread.java:748)

二月 17, 2018 5:58:29 下午 org.apache.catalina.startup.ContextConfig parseWebXml
严重: Parse error in application web.xml file at jndi:/localhost/myWebSite/WEB-INF/web.xml
org.xml.sax.SAXParseException; systemId: jndi:/localhost/myWebSite/WEB-INF/web.xml; lineNumber: 37; columnNumber: 25; 元素类型 "urll-pattern" 必须由匹配的结束标记 "</urll-pattern>" 终止。
	at com.sun.org.apache.xerces.internal.util.ErrorHandlerWrapper.createSAXParseException(ErrorHandlerWrapper.java:203)
	at com.sun.org.apache.xerces.internal.util.ErrorHandlerWrapper.fatalError(ErrorHandlerWrapper.java:177)
	at com.sun.org.apache.xerces.internal.impl.XMLErrorReporter.reportError(XMLErrorReporter.java:400)
	at com.sun.org.apache.xerces.internal.impl.XMLErrorReporter.reportError(XMLErrorReporter.java:327)
	at com.sun.org.apache.xerces.internal.impl.XMLScanner.reportFatalError(XMLScanner.java:1472)
	at com.sun.org.apache.xerces.internal.impl.XMLDocumentFragmentScannerImpl.scanEndElement(XMLDocumentFragmentScannerImpl.java:1749)
	at com.sun.org.apache.xerces.internal.impl.XMLDocumentFragmentScannerImpl$FragmentContentDriver.next(XMLDocumentFragmentScannerImpl.java:2967)
	at com.sun.org.apache.xerces.internal.impl.XMLDocumentScannerImpl.next(XMLDocumentScannerImpl.java:602)
	at com.sun.org.apache.xerces.internal.impl.XMLDocumentFragmentScannerImpl.scanDocument(XMLDocumentFragmentScannerImpl.java:505)
	at com.sun.org.apache.xerces.internal.parsers.XML11Configuration.parse(XML11Configuration.java:841)
	at com.sun.org.apache.xerces.internal.parsers.XML11Configuration.parse(XML11Configuration.java:770)
	at com.sun.org.apache.xerces.internal.parsers.XMLParser.parse(XMLParser.java:141)
	at com.sun.org.apache.xerces.internal.parsers.AbstractSAXParser.parse(AbstractSAXParser.java:1213)
	at com.sun.org.apache.xerces.internal.jaxp.SAXParserImpl$JAXPSAXParser.parse(SAXParserImpl.java:643)
	at org.apache.tomcat.util.digester.Digester.parse(Digester.java:1576)
	at org.apache.catalina.startup.ContextConfig.parseWebXml(ContextConfig.java:1861)
	at org.apache.catalina.startup.ContextConfig.webConfig(ContextConfig.java:1261)
	at org.apache.catalina.startup.ContextConfig.configureStart(ContextConfig.java:887)
	at org.apache.catalina.startup.ContextConfig.lifecycleEvent(ContextConfig.java:388)
	at org.apache.catalina.util.LifecycleSupport.fireLifecycleEvent(LifecycleSupport.java:117)
	at org.apache.catalina.util.LifecycleBase.fireLifecycleEvent(LifecycleBase.java:90)
	at org.apache.catalina.core.StandardContext.startInternal(StandardContext.java:5527)
	at org.apache.catalina.util.LifecycleBase.start(LifecycleBase.java:145)
	at org.apache.catalina.startup.HostConfig.reload(HostConfig.java:1584)
	at org.apache.catalina.startup.HostConfig.checkResources(HostConfig.java:1548)
	at org.apache.catalina.startup.HostConfig.check(HostConfig.java:1784)
	at org.apache.catalina.startup.HostConfig.lifecycleEvent(HostConfig.java:366)
	at org.apache.catalina.util.LifecycleSupport.fireLifecycleEvent(LifecycleSupport.java:117)
	at org.apache.catalina.util.LifecycleBase.fireLifecycleEvent(LifecycleBase.java:90)
	at org.apache.catalina.core.ContainerBase.backgroundProcess(ContainerBase.java:1500)
	at org.apache.catalina.core.ContainerBase$ContainerBackgroundProcessor.processChildren(ContainerBase.java:1671)
	at org.apache.catalina.core.ContainerBase$ContainerBackgroundProcessor.processChildren(ContainerBase.java:1681)
	at org.apache.catalina.core.ContainerBase$ContainerBackgroundProcessor.run(ContainerBase.java:1649)
	at java.lang.Thread.run(Thread.java:748)

二月 17, 2018 5:58:29 下午 org.apache.catalina.startup.ContextConfig parseWebXml
严重: Occurred at line 37 column 25
二月 17, 2018 5:58:29 下午 org.apache.catalina.startup.ContextConfig configureStart
严重: Marking this application unavailable due to previous error(s)
二月 17, 2018 5:58:29 下午 org.apache.catalina.core.StandardContext startInternal
严重: One or more components marked the context as not correctly configured
二月 17, 2018 5:58:29 下午 org.apache.catalina.core.StandardContext startInternal
严重: Context [/myWebSite] startup failed due to previous errors
二月 17, 2018 5:58:49 下午 org.apache.catalina.startup.HostConfig reload
信息: Reloading context [/myWebSite]
二月 17, 2018 5:58:49 下午 org.apache.catalina.loader.WebappClassLoaderBase validateJarFile
信息: validateJarFile(D:\Program Files\apache-tomcat-7.0.85-windows-x64\apache-tomcat-7.0.85\webapps\myWebSite\WEB-INF\lib\servlet-api.jar) - jar not loaded. See Servlet Spec 3.0, section 10.7.2. Offending class: javax/servlet/Servlet.class
二月 17, 2018 5:58:49 下午 org.apache.tomcat.util.digester.Digester fatalError
严重: Parse Fatal Error at line 37 column 25: 元素类型 "urll-pattern" 必须由匹配的结束标记 "</urll-pattern>" 终止。
org.xml.sax.SAXParseException; systemId: jndi:/localhost/myWebSite/WEB-INF/web.xml; lineNumber: 37; columnNumber: 25; 元素类型 "urll-pattern" 必须由匹配的结束标记 "</urll-pattern>" 终止。
	at com.sun.org.apache.xerces.internal.util.ErrorHandlerWrapper.createSAXParseException(ErrorHandlerWrapper.java:203)
	at com.sun.org.apache.xerces.internal.util.ErrorHandlerWrapper.fatalError(ErrorHandlerWrapper.java:177)
	at com.sun.org.apache.xerces.internal.impl.XMLErrorReporter.reportError(XMLErrorReporter.java:400)
	at com.sun.org.apache.xerces.internal.impl.XMLErrorReporter.reportError(XMLErrorReporter.java:327)
	at com.sun.org.apache.xerces.internal.impl.XMLScanner.reportFatalError(XMLScanner.java:1472)
	at com.sun.org.apache.xerces.internal.impl.XMLDocumentFragmentScannerImpl.scanEndElement(XMLDocumentFragmentScannerImpl.java:1749)
	at com.sun.org.apache.xerces.internal.impl.XMLDocumentFragmentScannerImpl$FragmentContentDriver.next(XMLDocumentFragmentScannerImpl.java:2967)
	at com.sun.org.apache.xerces.internal.impl.XMLDocumentScannerImpl.next(XMLDocumentScannerImpl.java:602)
	at com.sun.org.apache.xerces.internal.impl.XMLDocumentFragmentScannerImpl.scanDocument(XMLDocumentFragmentScannerImpl.java:505)
	at com.sun.org.apache.xerces.internal.parsers.XML11Configuration.parse(XML11Configuration.java:841)
	at com.sun.org.apache.xerces.internal.parsers.XML11Configuration.parse(XML11Configuration.java:770)
	at com.sun.org.apache.xerces.internal.parsers.XMLParser.parse(XMLParser.java:141)
	at com.sun.org.apache.xerces.internal.parsers.AbstractSAXParser.parse(AbstractSAXParser.java:1213)
	at com.sun.org.apache.xerces.internal.jaxp.SAXParserImpl$JAXPSAXParser.parse(SAXParserImpl.java:643)
	at org.apache.tomcat.util.digester.Digester.parse(Digester.java:1576)
	at org.apache.catalina.startup.ContextConfig.parseWebXml(ContextConfig.java:1861)
	at org.apache.catalina.startup.ContextConfig.webConfig(ContextConfig.java:1261)
	at org.apache.catalina.startup.ContextConfig.configureStart(ContextConfig.java:887)
	at org.apache.catalina.startup.ContextConfig.lifecycleEvent(ContextConfig.java:388)
	at org.apache.catalina.util.LifecycleSupport.fireLifecycleEvent(LifecycleSupport.java:117)
	at org.apache.catalina.util.LifecycleBase.fireLifecycleEvent(LifecycleBase.java:90)
	at org.apache.catalina.core.StandardContext.startInternal(StandardContext.java:5527)
	at org.apache.catalina.util.LifecycleBase.start(LifecycleBase.java:145)
	at org.apache.catalina.startup.HostConfig.reload(HostConfig.java:1584)
	at org.apache.catalina.startup.HostConfig.checkResources(HostConfig.java:1548)
	at org.apache.catalina.startup.HostConfig.check(HostConfig.java:1784)
	at org.apache.catalina.startup.HostConfig.lifecycleEvent(HostConfig.java:366)
	at org.apache.catalina.util.LifecycleSupport.fireLifecycleEvent(LifecycleSupport.java:117)
	at org.apache.catalina.util.LifecycleBase.fireLifecycleEvent(LifecycleBase.java:90)
	at org.apache.catalina.core.ContainerBase.backgroundProcess(ContainerBase.java:1500)
	at org.apache.catalina.core.ContainerBase$ContainerBackgroundProcessor.processChildren(ContainerBase.java:1671)
	at org.apache.catalina.core.ContainerBase$ContainerBackgroundProcessor.processChildren(ContainerBase.java:1681)
	at org.apache.catalina.core.ContainerBase$ContainerBackgroundProcessor.run(ContainerBase.java:1649)
	at java.lang.Thread.run(Thread.java:748)

二月 17, 2018 5:58:49 下午 org.apache.catalina.startup.ContextConfig parseWebXml
严重: Parse error in application web.xml file at jndi:/localhost/myWebSite/WEB-INF/web.xml
org.xml.sax.SAXParseException; systemId: jndi:/localhost/myWebSite/WEB-INF/web.xml; lineNumber: 37; columnNumber: 25; 元素类型 "urll-pattern" 必须由匹配的结束标记 "</urll-pattern>" 终止。
	at com.sun.org.apache.xerces.internal.util.ErrorHandlerWrapper.createSAXParseException(ErrorHandlerWrapper.java:203)
	at com.sun.org.apache.xerces.internal.util.ErrorHandlerWrapper.fatalError(ErrorHandlerWrapper.java:177)
	at com.sun.org.apache.xerces.internal.impl.XMLErrorReporter.reportError(XMLErrorReporter.java:400)
	at com.sun.org.apache.xerces.internal.impl.XMLErrorReporter.reportError(XMLErrorReporter.java:327)
	at com.sun.org.apache.xerces.internal.impl.XMLScanner.reportFatalError(XMLScanner.java:1472)
	at com.sun.org.apache.xerces.internal.impl.XMLDocumentFragmentScannerImpl.scanEndElement(XMLDocumentFragmentScannerImpl.java:1749)
	at com.sun.org.apache.xerces.internal.impl.XMLDocumentFragmentScannerImpl$FragmentContentDriver.next(XMLDocumentFragmentScannerImpl.java:2967)
	at com.sun.org.apache.xerces.internal.impl.XMLDocumentScannerImpl.next(XMLDocumentScannerImpl.java:602)
	at com.sun.org.apache.xerces.internal.impl.XMLDocumentFragmentScannerImpl.scanDocument(XMLDocumentFragmentScannerImpl.java:505)
	at com.sun.org.apache.xerces.internal.parsers.XML11Configuration.parse(XML11Configuration.java:841)
	at com.sun.org.apache.xerces.internal.parsers.XML11Configuration.parse(XML11Configuration.java:770)
	at com.sun.org.apache.xerces.internal.parsers.XMLParser.parse(XMLParser.java:141)
	at com.sun.org.apache.xerces.internal.parsers.AbstractSAXParser.parse(AbstractSAXParser.java:1213)
	at com.sun.org.apache.xerces.internal.jaxp.SAXParserImpl$JAXPSAXParser.parse(SAXParserImpl.java:643)
	at org.apache.tomcat.util.digester.Digester.parse(Digester.java:1576)
	at org.apache.catalina.startup.ContextConfig.parseWebXml(ContextConfig.java:1861)
	at org.apache.catalina.startup.ContextConfig.webConfig(ContextConfig.java:1261)
	at org.apache.catalina.startup.ContextConfig.configureStart(ContextConfig.java:887)
	at org.apache.catalina.startup.ContextConfig.lifecycleEvent(ContextConfig.java:388)
	at org.apache.catalina.util.LifecycleSupport.fireLifecycleEvent(LifecycleSupport.java:117)
	at org.apache.catalina.util.LifecycleBase.fireLifecycleEvent(LifecycleBase.java:90)
	at org.apache.catalina.core.StandardContext.startInternal(StandardContext.java:5527)
	at org.apache.catalina.util.LifecycleBase.start(LifecycleBase.java:145)
	at org.apache.catalina.startup.HostConfig.reload(HostConfig.java:1584)
	at org.apache.catalina.startup.HostConfig.checkResources(HostConfig.java:1548)
	at org.apache.catalina.startup.HostConfig.check(HostConfig.java:1784)
	at org.apache.catalina.startup.HostConfig.lifecycleEvent(HostConfig.java:366)
	at org.apache.catalina.util.LifecycleSupport.fireLifecycleEvent(LifecycleSupport.java:117)
	at org.apache.catalina.util.LifecycleBase.fireLifecycleEvent(LifecycleBase.java:90)
	at org.apache.catalina.core.ContainerBase.backgroundProcess(ContainerBase.java:1500)
	at org.apache.catalina.core.ContainerBase$ContainerBackgroundProcessor.processChildren(ContainerBase.java:1671)
	at org.apache.catalina.core.ContainerBase$ContainerBackgroundProcessor.processChildren(ContainerBase.java:1681)
	at org.apache.catalina.core.ContainerBase$ContainerBackgroundProcessor.run(ContainerBase.java:1649)
	at java.lang.Thread.run(Thread.java:748)

二月 17, 2018 5:58:49 下午 org.apache.catalina.startup.ContextConfig parseWebXml
严重: Occurred at line 37 column 25
二月 17, 2018 5:58:49 下午 org.apache.catalina.startup.ContextConfig configureStart
严重: Marking this application unavailable due to previous error(s)
二月 17, 2018 5:58:49 下午 org.apache.catalina.core.StandardContext startInternal
严重: One or more components marked the context as not correctly configured
二月 17, 2018 5:58:49 下午 org.apache.catalina.core.StandardContext startInternal
严重: Context [/myWebSite] startup failed due to previous errors
