三月 10, 2018 4:14:33 下午 org.apache.catalina.startup.VersionLoggerListener log
信息: Server version:        Apache Tomcat/7.0.85
三月 10, 2018 4:14:33 下午 org.apache.catalina.startup.VersionLoggerListener log
信息: Server built:          Feb 7 2018 18:52:33 UTC
三月 10, 2018 4:14:33 下午 org.apache.catalina.startup.VersionLoggerListener log
信息: Server number:         7.0.85.0
三月 10, 2018 4:14:33 下午 org.apache.catalina.startup.VersionLoggerListener log
信息: OS Name:               Windows 7
三月 10, 2018 4:14:33 下午 org.apache.catalina.startup.VersionLoggerListener log
信息: OS Version:            6.1
三月 10, 2018 4:14:33 下午 org.apache.catalina.startup.VersionLoggerListener log
信息: Architecture:          amd64
三月 10, 2018 4:14:33 下午 org.apache.catalina.startup.VersionLoggerListener log
信息: Java Home:             D:\Program Files\Java\jdk1.8.0\jre
三月 10, 2018 4:14:33 下午 org.apache.catalina.startup.VersionLoggerListener log
信息: JVM Version:           1.8.0_131-b11
三月 10, 2018 4:14:33 下午 org.apache.catalina.startup.VersionLoggerListener log
信息: JVM Vendor:            Oracle Corporation
三月 10, 2018 4:14:33 下午 org.apache.catalina.startup.VersionLoggerListener log
信息: CATALINA_BASE:         D:\Program Files\apache-tomcat-7.0.85-windows-x64\apache-tomcat-7.0.85
三月 10, 2018 4:14:33 下午 org.apache.catalina.startup.VersionLoggerListener log
信息: CATALINA_HOME:         D:\Program Files\apache-tomcat-7.0.85-windows-x64\apache-tomcat-7.0.85
三月 10, 2018 4:14:33 下午 org.apache.catalina.startup.VersionLoggerListener log
信息: Command line argument: -Djava.util.logging.config.file=D:\Program Files\apache-tomcat-7.0.85-windows-x64\apache-tomcat-7.0.85\conf\logging.properties
三月 10, 2018 4:14:33 下午 org.apache.catalina.startup.VersionLoggerListener log
信息: Command line argument: -Djava.util.logging.manager=org.apache.juli.ClassLoaderLogManager
三月 10, 2018 4:14:33 下午 org.apache.catalina.startup.VersionLoggerListener log
信息: Command line argument: -Djdk.tls.ephemeralDHKeySize=2048
三月 10, 2018 4:14:33 下午 org.apache.catalina.startup.VersionLoggerListener log
信息: Command line argument: -Dignore.endorsed.dirs=
三月 10, 2018 4:14:33 下午 org.apache.catalina.startup.VersionLoggerListener log
信息: Command line argument: -Dcatalina.base=D:\Program Files\apache-tomcat-7.0.85-windows-x64\apache-tomcat-7.0.85
三月 10, 2018 4:14:33 下午 org.apache.catalina.startup.VersionLoggerListener log
信息: Command line argument: -Dcatalina.home=D:\Program Files\apache-tomcat-7.0.85-windows-x64\apache-tomcat-7.0.85
三月 10, 2018 4:14:33 下午 org.apache.catalina.startup.VersionLoggerListener log
信息: Command line argument: -Djava.io.tmpdir=D:\Program Files\apache-tomcat-7.0.85-windows-x64\apache-tomcat-7.0.85\temp
三月 10, 2018 4:14:33 下午 org.apache.catalina.core.AprLifecycleListener lifecycleEvent
信息: Loaded APR based Apache Tomcat Native library 1.2.16 using APR version 1.6.3.
三月 10, 2018 4:14:33 下午 org.apache.catalina.core.AprLifecycleListener lifecycleEvent
信息: APR capabilities: IPv6 [true], sendfile [true], accept filters [false], random [true].
三月 10, 2018 4:14:34 下午 org.apache.catalina.core.AprLifecycleListener initializeSSL
信息: OpenSSL successfully initialized (OpenSSL 1.0.2m  2 Nov 2017)
三月 10, 2018 4:14:34 下午 org.apache.coyote.AbstractProtocol init
信息: Initializing ProtocolHandler ["http-apr-8080"]
三月 10, 2018 4:14:34 下午 org.apache.coyote.AbstractProtocol init
信息: Initializing ProtocolHandler ["ajp-apr-8009"]
三月 10, 2018 4:14:34 下午 org.apache.catalina.startup.Catalina load
信息: Initialization processed in 1466 ms
三月 10, 2018 4:14:34 下午 org.apache.catalina.core.StandardService startInternal
信息: Starting service Catalina
三月 10, 2018 4:14:34 下午 org.apache.catalina.core.StandardEngine startInternal
信息: Starting Servlet Engine: Apache Tomcat/7.0.85
三月 10, 2018 4:14:34 下午 org.apache.catalina.startup.HostConfig deployDirectory
信息: Deploying web application directory D:\Program Files\apache-tomcat-7.0.85-windows-x64\apache-tomcat-7.0.85\webapps\docs
三月 10, 2018 4:14:35 下午 org.apache.catalina.util.SessionIdGeneratorBase createSecureRandom
警告: Creation of SecureRandom instance for session ID generation using [SHA1PRNG] took [164] milliseconds.
三月 10, 2018 4:14:35 下午 org.apache.catalina.startup.HostConfig deployDirectory
信息: Deployment of web application directory D:\Program Files\apache-tomcat-7.0.85-windows-x64\apache-tomcat-7.0.85\webapps\docs has finished in 528 ms
三月 10, 2018 4:14:35 下午 org.apache.catalina.startup.HostConfig deployDirectory
信息: Deploying web application directory D:\Program Files\apache-tomcat-7.0.85-windows-x64\apache-tomcat-7.0.85\webapps\examples
三月 10, 2018 4:14:35 下午 org.apache.catalina.startup.HostConfig deployDirectory
信息: Deployment of web application directory D:\Program Files\apache-tomcat-7.0.85-windows-x64\apache-tomcat-7.0.85\webapps\examples has finished in 369 ms
三月 10, 2018 4:14:35 下午 org.apache.catalina.startup.HostConfig deployDirectory
信息: Deploying web application directory D:\Program Files\apache-tomcat-7.0.85-windows-x64\apache-tomcat-7.0.85\webapps\host-manager
三月 10, 2018 4:14:35 下午 org.apache.catalina.startup.HostConfig deployDirectory
信息: Deployment of web application directory D:\Program Files\apache-tomcat-7.0.85-windows-x64\apache-tomcat-7.0.85\webapps\host-manager has finished in 155 ms
三月 10, 2018 4:14:35 下午 org.apache.catalina.startup.HostConfig deployDirectory
信息: Deploying web application directory D:\Program Files\apache-tomcat-7.0.85-windows-x64\apache-tomcat-7.0.85\webapps\manager
三月 10, 2018 4:14:35 下午 org.apache.catalina.startup.HostConfig deployDirectory
信息: Deployment of web application directory D:\Program Files\apache-tomcat-7.0.85-windows-x64\apache-tomcat-7.0.85\webapps\manager has finished in 83 ms
三月 10, 2018 4:14:35 下午 org.apache.catalina.startup.HostConfig deployDirectory
信息: Deploying web application directory D:\Program Files\apache-tomcat-7.0.85-windows-x64\apache-tomcat-7.0.85\webapps\myWebSite
三月 10, 2018 4:14:35 下午 org.apache.catalina.loader.WebappClassLoaderBase validateJarFile
信息: validateJarFile(D:\Program Files\apache-tomcat-7.0.85-windows-x64\apache-tomcat-7.0.85\webapps\myWebSite\WEB-INF\lib\servlet-api.jar) - jar not loaded. See Servlet Spec 3.0, section 10.7.2. Offending class: javax/servlet/Servlet.class
三月 10, 2018 4:14:36 下午 org.apache.catalina.startup.HostConfig deployDirectory
信息: Deployment of web application directory D:\Program Files\apache-tomcat-7.0.85-windows-x64\apache-tomcat-7.0.85\webapps\myWebSite has finished in 97 ms
三月 10, 2018 4:14:36 下午 org.apache.catalina.startup.HostConfig deployDirectory
信息: Deploying web application directory D:\Program Files\apache-tomcat-7.0.85-windows-x64\apache-tomcat-7.0.85\webapps\ROOT
三月 10, 2018 4:14:36 下午 org.apache.catalina.startup.HostConfig deployDirectory
信息: Deployment of web application directory D:\Program Files\apache-tomcat-7.0.85-windows-x64\apache-tomcat-7.0.85\webapps\ROOT has finished in 54 ms
三月 10, 2018 4:14:36 下午 org.apache.coyote.AbstractProtocol start
信息: Starting ProtocolHandler ["http-apr-8080"]
三月 10, 2018 4:14:36 下午 org.apache.coyote.AbstractProtocol start
信息: Starting ProtocolHandler ["ajp-apr-8009"]
三月 10, 2018 4:14:36 下午 org.apache.catalina.startup.Catalina start
信息: Server startup in 1410 ms
三月 10, 2018 4:15:03 下午 org.apache.catalina.core.StandardContext reload
信息: Reloading Context with name [/myWebSite] has started
三月 10, 2018 4:15:03 下午 org.apache.catalina.loader.WebappClassLoaderBase validateJarFile
信息: validateJarFile(D:\Program Files\apache-tomcat-7.0.85-windows-x64\apache-tomcat-7.0.85\webapps\myWebSite\WEB-INF\lib\servlet-api.jar) - jar not loaded. See Servlet Spec 3.0, section 10.7.2. Offending class: javax/servlet/Servlet.class
三月 10, 2018 4:15:03 下午 org.apache.catalina.core.StandardContext reload
信息: Reloading Context with name [/myWebSite] is completed
三月 10, 2018 4:16:06 下午 org.apache.catalina.startup.HostConfig reload
信息: Reloading context [/myWebSite]
三月 10, 2018 4:16:06 下午 org.apache.catalina.core.StandardContext reload
信息: Reloading Context with name [/myWebSite] has started
三月 10, 2018 4:16:06 下午 org.apache.catalina.loader.WebappClassLoaderBase validateJarFile
信息: validateJarFile(D:\Program Files\apache-tomcat-7.0.85-windows-x64\apache-tomcat-7.0.85\webapps\myWebSite\WEB-INF\lib\servlet-api.jar) - jar not loaded. See Servlet Spec 3.0, section 10.7.2. Offending class: javax/servlet/Servlet.class
三月 10, 2018 4:16:06 下午 org.apache.tomcat.util.digester.Digester fatalError
严重: Parse Fatal Error at line 2 column 16: 注释中不允许出现字符串 "--"。
org.xml.sax.SAXParseException; systemId: jndi:/localhost/myWebSite/WEB-INF/web.xml; lineNumber: 2; columnNumber: 16; 注释中不允许出现字符串 "--"。
	at com.sun.org.apache.xerces.internal.util.ErrorHandlerWrapper.createSAXParseException(ErrorHandlerWrapper.java:203)
	at com.sun.org.apache.xerces.internal.util.ErrorHandlerWrapper.fatalError(ErrorHandlerWrapper.java:177)
	at com.sun.org.apache.xerces.internal.impl.XMLErrorReporter.reportError(XMLErrorReporter.java:400)
	at com.sun.org.apache.xerces.internal.impl.XMLErrorReporter.reportError(XMLErrorReporter.java:327)
	at com.sun.org.apache.xerces.internal.impl.XMLScanner.reportFatalError(XMLScanner.java:1472)
	at com.sun.org.apache.xerces.internal.impl.XMLScanner.scanComment(XMLScanner.java:819)
	at com.sun.org.apache.xerces.internal.impl.XMLDocumentFragmentScannerImpl.scanComment(XMLDocumentFragmentScannerImpl.java:1034)
	at com.sun.org.apache.xerces.internal.impl.XMLDocumentScannerImpl$PrologDriver.next(XMLDocumentScannerImpl.java:899)
	at com.sun.org.apache.xerces.internal.impl.XMLDocumentScannerImpl.next(XMLDocumentScannerImpl.java:602)
	at com.sun.org.apache.xerces.internal.impl.XMLDocumentFragmentScannerImpl.scanDocument(XMLDocumentFragmentScannerImpl.java:505)
	at com.sun.org.apache.xerces.internal.parsers.XML11Configuration.parse(XML11Configuration.java:841)
	at com.sun.org.apache.xerces.internal.parsers.XML11Configuration.parse(XML11Configuration.java:770)
	at com.sun.org.apache.xerces.internal.parsers.XMLParser.parse(XMLParser.java:141)
	at com.sun.org.apache.xerces.internal.parsers.AbstractSAXParser.parse(AbstractSAXParser.java:1213)
	at com.sun.org.apache.xerces.internal.jaxp.SAXParserImpl$JAXPSAXParser.parse(SAXParserImpl.java:643)
	at org.apache.tomcat.util.digester.Digester.parse(Digester.java:1576)
	at org.apache.catalina.startup.ContextConfig.parseWebXml(ContextConfig.java:1861)
	at org.apache.catalina.startup.ContextConfig.webConfig(ContextConfig.java:1261)
	at org.apache.catalina.startup.ContextConfig.configureStart(ContextConfig.java:887)
	at org.apache.catalina.startup.ContextConfig.lifecycleEvent(ContextConfig.java:388)
	at org.apache.catalina.util.LifecycleSupport.fireLifecycleEvent(LifecycleSupport.java:117)
	at org.apache.catalina.util.LifecycleBase.fireLifecycleEvent(LifecycleBase.java:90)
	at org.apache.catalina.core.StandardContext.startInternal(StandardContext.java:5527)
	at org.apache.catalina.util.LifecycleBase.start(LifecycleBase.java:145)
	at org.apache.catalina.core.StandardContext.reload(StandardContext.java:4133)
	at org.apache.catalina.startup.HostConfig.reload(HostConfig.java:1575)
	at org.apache.catalina.startup.HostConfig.checkResources(HostConfig.java:1548)
	at org.apache.catalina.startup.HostConfig.check(HostConfig.java:1784)
	at org.apache.catalina.startup.HostConfig.lifecycleEvent(HostConfig.java:366)
	at org.apache.catalina.util.LifecycleSupport.fireLifecycleEvent(LifecycleSupport.java:117)
	at org.apache.catalina.util.LifecycleBase.fireLifecycleEvent(LifecycleBase.java:90)
	at org.apache.catalina.core.ContainerBase.backgroundProcess(ContainerBase.java:1500)
	at org.apache.catalina.core.ContainerBase$ContainerBackgroundProcessor.processChildren(ContainerBase.java:1671)
	at org.apache.catalina.core.ContainerBase$ContainerBackgroundProcessor.processChildren(ContainerBase.java:1681)
	at org.apache.catalina.core.ContainerBase$ContainerBackgroundProcessor.run(ContainerBase.java:1649)
	at java.lang.Thread.run(Thread.java:748)

三月 10, 2018 4:16:06 下午 org.apache.catalina.startup.ContextConfig parseWebXml
严重: Parse error in application web.xml file at jndi:/localhost/myWebSite/WEB-INF/web.xml
org.xml.sax.SAXParseException; systemId: jndi:/localhost/myWebSite/WEB-INF/web.xml; lineNumber: 2; columnNumber: 16; 注释中不允许出现字符串 "--"。
	at com.sun.org.apache.xerces.internal.util.ErrorHandlerWrapper.createSAXParseException(ErrorHandlerWrapper.java:203)
	at com.sun.org.apache.xerces.internal.util.ErrorHandlerWrapper.fatalError(ErrorHandlerWrapper.java:177)
	at com.sun.org.apache.xerces.internal.impl.XMLErrorReporter.reportError(XMLErrorReporter.java:400)
	at com.sun.org.apache.xerces.internal.impl.XMLErrorReporter.reportError(XMLErrorReporter.java:327)
	at com.sun.org.apache.xerces.internal.impl.XMLScanner.reportFatalError(XMLScanner.java:1472)
	at com.sun.org.apache.xerces.internal.impl.XMLScanner.scanComment(XMLScanner.java:819)
	at com.sun.org.apache.xerces.internal.impl.XMLDocumentFragmentScannerImpl.scanComment(XMLDocumentFragmentScannerImpl.java:1034)
	at com.sun.org.apache.xerces.internal.impl.XMLDocumentScannerImpl$PrologDriver.next(XMLDocumentScannerImpl.java:899)
	at com.sun.org.apache.xerces.internal.impl.XMLDocumentScannerImpl.next(XMLDocumentScannerImpl.java:602)
	at com.sun.org.apache.xerces.internal.impl.XMLDocumentFragmentScannerImpl.scanDocument(XMLDocumentFragmentScannerImpl.java:505)
	at com.sun.org.apache.xerces.internal.parsers.XML11Configuration.parse(XML11Configuration.java:841)
	at com.sun.org.apache.xerces.internal.parsers.XML11Configuration.parse(XML11Configuration.java:770)
	at com.sun.org.apache.xerces.internal.parsers.XMLParser.parse(XMLParser.java:141)
	at com.sun.org.apache.xerces.internal.parsers.AbstractSAXParser.parse(AbstractSAXParser.java:1213)
	at com.sun.org.apache.xerces.internal.jaxp.SAXParserImpl$JAXPSAXParser.parse(SAXParserImpl.java:643)
	at org.apache.tomcat.util.digester.Digester.parse(Digester.java:1576)
	at org.apache.catalina.startup.ContextConfig.parseWebXml(ContextConfig.java:1861)
	at org.apache.catalina.startup.ContextConfig.webConfig(ContextConfig.java:1261)
	at org.apache.catalina.startup.ContextConfig.configureStart(ContextConfig.java:887)
	at org.apache.catalina.startup.ContextConfig.lifecycleEvent(ContextConfig.java:388)
	at org.apache.catalina.util.LifecycleSupport.fireLifecycleEvent(LifecycleSupport.java:117)
	at org.apache.catalina.util.LifecycleBase.fireLifecycleEvent(LifecycleBase.java:90)
	at org.apache.catalina.core.StandardContext.startInternal(StandardContext.java:5527)
	at org.apache.catalina.util.LifecycleBase.start(LifecycleBase.java:145)
	at org.apache.catalina.core.StandardContext.reload(StandardContext.java:4133)
	at org.apache.catalina.startup.HostConfig.reload(HostConfig.java:1575)
	at org.apache.catalina.startup.HostConfig.checkResources(HostConfig.java:1548)
	at org.apache.catalina.startup.HostConfig.check(HostConfig.java:1784)
	at org.apache.catalina.startup.HostConfig.lifecycleEvent(HostConfig.java:366)
	at org.apache.catalina.util.LifecycleSupport.fireLifecycleEvent(LifecycleSupport.java:117)
	at org.apache.catalina.util.LifecycleBase.fireLifecycleEvent(LifecycleBase.java:90)
	at org.apache.catalina.core.ContainerBase.backgroundProcess(ContainerBase.java:1500)
	at org.apache.catalina.core.ContainerBase$ContainerBackgroundProcessor.processChildren(ContainerBase.java:1671)
	at org.apache.catalina.core.ContainerBase$ContainerBackgroundProcessor.processChildren(ContainerBase.java:1681)
	at org.apache.catalina.core.ContainerBase$ContainerBackgroundProcessor.run(ContainerBase.java:1649)
	at java.lang.Thread.run(Thread.java:748)

三月 10, 2018 4:16:06 下午 org.apache.catalina.startup.ContextConfig parseWebXml
严重: Occurred at line 2 column 16
三月 10, 2018 4:16:06 下午 org.apache.catalina.startup.ContextConfig configureStart
严重: Marking this application unavailable due to previous error(s)
三月 10, 2018 4:16:06 下午 org.apache.catalina.core.StandardContext startInternal
严重: One or more components marked the context as not correctly configured
三月 10, 2018 4:16:06 下午 org.apache.catalina.core.StandardContext startInternal
严重: Context [/myWebSite] startup failed due to previous errors
三月 10, 2018 4:16:06 下午 org.apache.catalina.core.StandardContext reload
信息: Reloading Context with name [/myWebSite] is completed
