三月 10, 2018 8:43:08 上午 org.apache.catalina.core.ApplicationContext log
信息: ContextListener: contextInitialized()
三月 10, 2018 8:43:08 上午 org.apache.catalina.core.ApplicationContext log
信息: SessionListener: contextInitialized()
三月 10, 2018 8:43:08 上午 org.apache.catalina.core.ApplicationContext log
信息: ContextListener: attributeAdded('StockTicker', 'async.Stockticker@56a26fa6')
三月 10, 2018 8:43:08 上午 org.apache.catalina.core.ApplicationContext log
信息: ContextListener: attributeAdded('org.apache.jasper.compiler.TldLocationsCache', 'org.apache.jasper.compiler.TldLocationsCache@e744084')
三月 10, 2018 8:54:27 上午 org.apache.catalina.core.ApplicationContext log
信息: SessionListener: contextDestroyed()
三月 10, 2018 8:54:27 上午 org.apache.catalina.core.ApplicationContext log
信息: ContextListener: contextDestroyed()
三月 10, 2018 8:54:39 上午 org.apache.catalina.core.ApplicationContext log
信息: ContextListener: contextInitialized()
三月 10, 2018 8:54:39 上午 org.apache.catalina.core.ApplicationContext log
信息: SessionListener: contextInitialized()
三月 10, 2018 8:54:39 上午 org.apache.catalina.core.ApplicationContext log
信息: ContextListener: attributeAdded('StockTicker', 'async.Stockticker@26a2f3ad')
三月 10, 2018 8:54:39 上午 org.apache.catalina.core.ApplicationContext log
信息: ContextListener: attributeAdded('org.apache.jasper.compiler.TldLocationsCache', 'org.apache.jasper.compiler.TldLocationsCache@eb8a8f9')
三月 10, 2018 1:10:54 下午 org.apache.catalina.core.ApplicationContext log
信息: SessionListener: contextDestroyed()
三月 10, 2018 1:10:54 下午 org.apache.catalina.core.ApplicationContext log
信息: ContextListener: contextDestroyed()
三月 10, 2018 1:10:59 下午 org.apache.catalina.core.ApplicationContext log
信息: ContextListener: contextInitialized()
三月 10, 2018 1:10:59 下午 org.apache.catalina.core.ApplicationContext log
信息: SessionListener: contextInitialized()
三月 10, 2018 1:10:59 下午 org.apache.catalina.core.ApplicationContext log
信息: ContextListener: attributeAdded('StockTicker', 'async.Stockticker@43956b47')
三月 10, 2018 1:10:59 下午 org.apache.catalina.core.ApplicationContext log
信息: ContextListener: attributeAdded('org.apache.jasper.compiler.TldLocationsCache', 'org.apache.jasper.compiler.TldLocationsCache@543234bd')
三月 10, 2018 1:12:13 下午 org.apache.catalina.core.ApplicationContext log
信息: SessionListener: contextDestroyed()
三月 10, 2018 1:12:13 下午 org.apache.catalina.core.ApplicationContext log
信息: ContextListener: contextDestroyed()
三月 10, 2018 1:12:17 下午 org.apache.catalina.core.ApplicationContext log
信息: ContextListener: contextInitialized()
三月 10, 2018 1:12:17 下午 org.apache.catalina.core.ApplicationContext log
信息: SessionListener: contextInitialized()
三月 10, 2018 1:12:17 下午 org.apache.catalina.core.ApplicationContext log
信息: ContextListener: attributeAdded('StockTicker', 'async.Stockticker@2e506f14')
三月 10, 2018 1:12:17 下午 org.apache.catalina.core.ApplicationContext log
信息: ContextListener: attributeAdded('org.apache.jasper.compiler.TldLocationsCache', 'org.apache.jasper.compiler.TldLocationsCache@a4b26ee')
